{"message":"VALIDATION RESULT 0.05211267605633803","level":"info"}
{"message":{"error":{"errno":"ENOTFOUND","code":"ENOTFOUND","syscall":"getaddrinfo","hostname":"www.igna92ts.com","host":"www.igna92ts.com","port":443}},"level":"error"}
{"message":{"error":{"errno":"ENOTFOUND","code":"ENOTFOUND","syscall":"getaddrinfo","hostname":"www.igna92ts.com","host":"www.igna92ts.com","port":443}},"level":"error"}
{"message":{"error":{"errno":"ENOTFOUND","code":"ENOTFOUND","syscall":"getaddrinfo","hostname":"www.igna92ts.com","host":"www.igna92ts.com","port":443}},"level":"error"}
{"message":{"error":{"errno":"ENOTFOUND","code":"ENOTFOUND","syscall":"getaddrinfo","hostname":"www.igna92ts.com","host":"www.igna92ts.com","port":443}},"level":"error"}
{"message":{"error":{"errno":"ENOTFOUND","code":"ENOTFOUND","syscall":"getaddrinfo","hostname":"www.igna92ts.com","host":"www.igna92ts.com","port":443}},"level":"error"}
{"message":{"error":{"errno":"ENOTFOUND","code":"ENOTFOUND","syscall":"getaddrinfo","hostname":"www.igna92ts.com","host":"www.igna92ts.com","port":443}},"level":"error"}
{"message":{"error":{"errno":"ENOTFOUND","code":"ENOTFOUND","syscall":"getaddrinfo","hostname":"www.igna92ts.com","host":"www.igna92ts.com","port":443}},"level":"error"}
{"message":{"error":{"errno":"ENOTFOUND","code":"ENOTFOUND","syscall":"getaddrinfo","hostname":"www.igna92ts.com","host":"www.igna92ts.com","port":443}},"level":"error"}
{"message":{"error":{"errno":"ENOTFOUND","code":"ENOTFOUND","syscall":"getaddrinfo","hostname":"www.igna92ts.com","host":"www.igna92ts.com","port":443}},"level":"error"}
{"message":{"error":{"errno":"ENOTFOUND","code":"ENOTFOUND","syscall":"getaddrinfo","hostname":"www.igna92ts.com","host":"www.igna92ts.com","port":443}},"level":"error"}
{"message":"VALIDATION RESULT 1","level":"info"}
{"message":"VALIDATION RESULT 1","level":"info"}
{"message":"VALIDATION RESULT 1","level":"info"}
{"message":"VALIDATION RESULT 1","level":"info"}
{"message":"VALIDATION RESULT 1","level":"info"}
{"message":"VALIDATION RESULT 1","level":"info"}
{"message":"VALIDATION RESULT 1","level":"info"}
{"message":"VALIDATION RESULT 1","level":"info"}
{"message":"VALIDATION RESULT 1","level":"info"}
{"message":"VALIDATION RESULT 1","level":"info"}
{"message":"VALIDATION RESULT 1","level":"info"}
{"message":"VALIDATION RESULT 1","level":"info"}
{"message":"VALIDATION RESULT 1","level":"info"}
{"message":"VALIDATION RESULT 1","level":"info"}
{"message":"VALIDATION RESULT [object Object]","level":"info"}
{"message":"VALIDATION RESULT [object Object]","level":"info"}
{"level":"error"}
{"message":"VALIDATION RESULT [object Object]","level":"info"}
{"message":"VALIDATION RESULT [object Object]","level":"info"}
{"message":"VALIDATION RESULT [object Object]","level":"info"}
{"message":"VALIDATION RESULT [object Object]","level":"info"}
{"message":"VALIDATION RESULT [object Object]","level":"info"}
{"message":"VALIDATION RESULT [object Object]","level":"info"}
{"message":"VALIDATION RESULT [object Object]","level":"info"}
{"message":"VALIDATION RESULT [object Object]","level":"info"}
{"message":"VALIDATION RESULT [object Object]","level":"info"}
{"message":"VALIDATION RESULT [object Object]","level":"info"}
{"message":"VALIDATION RESULT [object Object]","level":"info"}
{"message":"VALIDATION RESULT [object Object]","level":"info"}
{"message":"VALIDATION RESULT [object Object]","level":"info"}
{"message":"VALIDATION RESULT [object Object]","level":"info"}
{"message":"VALIDATION RESULT [object Object]","level":"info"}
{"message":"VALIDATION RESULT [object Object]","level":"info"}
{"message":"VALIDATION RESULT [object Object]","level":"info"}
{"message":"VALIDATION RESULT [object Object]","level":"info"}
{"message":"VALIDATION RESULT [object Object]","level":"info"}
{"message":"VALIDATION RESULT [object Object]","level":"info"}
{"message":"VALIDATION RESULT [object Object]","level":"info"}
{"message":"VALIDATION RESULT [object Object]","level":"info"}
{"message":"VALIDATION RESULT [object Object]","level":"info"}
{"message":"VALIDATION RESULT [object Object]","level":"info"}
{"message":"VALIDATION RESULT [object Object]","level":"info"}
{"message":"VALIDATION RESULT [object Object]","level":"info"}
{"message":"VALIDATION RESULT [object Object]","level":"info"}
{"message":"VALIDATION RESULT [object Object]","level":"info"}
{"message":"VALIDATION RESULT [object Object]","level":"info"}
{"message":"VALIDATION RESULT [object Object]","level":"info"}
{"message":"VALIDATION RESULT [object Object]","level":"info"}
{"message":"VALIDATION RESULT [object Object]","level":"info"}
{"message":"VALIDATION RESULT [object Object]","level":"info"}
{"message":"VALIDATION RESULT [object Object]","level":"info"}
{"message":"VALIDATION RESULT [object Object]","level":"info"}
{"message":"VALIDATION RESULT [object Object]","level":"info"}
{"message":"VALIDATION RESULT [object Object]","level":"info"}
{"message":"VALIDATION RESULT [object Object]","level":"info"}
{"message":"VALIDATION RESULT [object Object]","level":"info"}
{"message":"VALIDATION RESULT [object Object]","level":"info"}
{"message":"VALIDATION RESULT [object Object]","level":"info"}
{"message":"VALIDATION RESULT [object Object]","level":"info"}
{"message":"VALIDATION RESULT [object Object]","level":"info"}
{"message":"VALIDATION RESULT [object Object]","level":"info"}
{"message":"VALIDATION RESULT [object Object]","level":"info"}
{"message":"VALIDATION RESULT [object Object]","level":"info"}
{"message":"VALIDATION RESULT [object Object]","level":"info"}
{"message":"VALIDATION RESULT [object Object]","level":"info"}
{"message":"VALIDATION RESULT [object Object]","level":"info"}
{"message":"VALIDATION RESULT [object Object]","level":"info"}
{"message":"VALIDATION RESULT [object Object]","level":"info"}
